#
# There is insufficient memory for the Java Runtime Environment to continue.
# Native memory allocation (malloc) failed to allocate 288976 bytes for Chunk::new
# Possible reasons:
#   The system is out of physical RAM or swap space
#   In 32 bit mode, the process size limit was hit
# Possible solutions:
#   Reduce memory load on the system
#   Increase physical memory or swap space
#   Check if swap backing store is full
#   Use 64 bit Java on a 64 bit OS
#   Decrease Java heap size (-Xmx/-Xms)
#   Decrease number of Java threads
#   Decrease Java thread stack sizes (-Xss)
#   Set larger code cache with -XX:ReservedCodeCacheSize=
# This output file may be truncated or incomplete.
#
#  Out of Memory Error (allocation.cpp:390), pid=14508, tid=0x0000000000003aac
#
# JRE version: Java(TM) SE Runtime Environment (8.0_171-b11) (build 1.8.0_171-b11)
# Java VM: Java HotSpot(TM) 64-Bit Server VM (25.171-b11 mixed mode windows-amd64 compressed oops)
# Failed to write core dump. Minidumps are not enabled by default on client versions of Windows
#

---------------  T H R E A D  ---------------

Current thread (0x00000000197d6000):  JavaThread "C2 CompilerThread1" daemon [_thread_in_native, id=15020, stack(0x000000001a0b0000,0x000000001a1b0000)]

Stack: [0x000000001a0b0000,0x000000001a1b0000]
[error occurred during error reporting (printing stack bounds), id 0xc0000005]

Native frames: (J=compiled Java code, j=interpreted, Vv=VM code, C=native code)


Current CompileTask:
C2:    587  337   !   4       sun.misc.URLClassPath$JarLoader::getResource (85 bytes)


---------------  P R O C E S S  ---------------

Java Threads: ( => current thread )
  0x00000000198bf800 JavaThread "Service Thread" daemon [_thread_blocked, id=13100, stack(0x000000001a3b0000,0x000000001a4b0000)]
  0x000000001983b000 JavaThread "C1 CompilerThread3" daemon [_thread_blocked, id=8216, stack(0x000000001a2b0000,0x000000001a3b0000)]
  0x00000000197d9000 JavaThread "C2 CompilerThread2" daemon [_thread_in_native, id=9776, stack(0x000000001a1b0000,0x000000001a2b0000)]
=>0x00000000197d6000 JavaThread "C2 CompilerThread1" daemon [_thread_in_native, id=15020, stack(0x000000001a0b0000,0x000000001a1b0000)]
  0x0000000019836000 JavaThread "C2 CompilerThread0" daemon [_thread_in_native, id=13528, stack(0x0000000019fb0000,0x000000001a0b0000)]
  0x0000000019834000 JavaThread "Attach Listener" daemon [_thread_blocked, id=17000, stack(0x0000000019eb0000,0x0000000019fb0000)]
  0x0000000019832000 JavaThread "Signal Dispatcher" daemon [_thread_blocked, id=4060, stack(0x0000000019db0000,0x0000000019eb0000)]
  0x0000000002909800 JavaThread "Finalizer" daemon [_thread_blocked, id=11948, stack(0x0000000019ba0000,0x0000000019ca0000)]
  0x0000000002908000 JavaThread "Reference Handler" daemon [_thread_blocked, id=11428, stack(0x00000000196a0000,0x00000000197a0000)]
  0x0000000002812800 JavaThread "main" [_thread_in_vm, id=8696, stack(0x00000000026f0000,0x00000000027f0000)]

Other Threads:
  0x00000000178a9000 VMThread [stack: 0x00000000195a0000,0x00000000196a0000] [id=10776]
  0x0000000019848000 WatcherThread [stack: 0x000000001a4b0000,0x000000001a5b0000] [id=13012]

VM state:not at safepoint (normal execution)

VM Mutex/Monitor currently owned by a thread: None

Heap:
 PSYoungGen      total 38400K, used 10681K [0x00000000d5f80000, 0x00000000d8a00000, 0x0000000100000000)
  eden space 33280K, 32% used [0x00000000d5f80000,0x00000000d69ee488,0x00000000d8000000)
  from space 5120K, 0% used [0x00000000d8500000,0x00000000d8500000,0x00000000d8a00000)
  to   space 5120K, 0% used [0x00000000d8000000,0x00000000d8000000,0x00000000d8500000)
 ParOldGen       total 87552K, used 0K [0x0000000081e00000, 0x0000000087380000, 0x00000000d5f80000)
  object space 87552K, 0% used [0x0000000081e00000,0x0000000081e00000,0x0000000087380000)
 Metaspace       used 5479K, capacity 5664K, committed 5888K, reserved 1056768K
  class space    used 675K, capacity 736K, committed 768K, reserved 1048576K

Card table byte_map: [0x0000000011cd0000,0x00000000120d0000] byte_map_base: 0x00000000118c1000

Marking Bits: (ParMarkBitMap*) 0x000000006e5908c0
 Begin Bits: [0x0000000012b80000, 0x0000000014b08000)
 End Bits:   [0x0000000014b08000, 0x0000000016a90000)

Polling page: 0x00000000007a0000

CodeCache: size=245760Kb used=1815Kb max_used=1815Kb free=243944Kb
 bounds [0x0000000002910000, 0x0000000002b80000, 0x0000000011910000]
 total_blobs=616 nmethods=335 adapters=194
 compilation: enabled

Compilation events (10 events):
Event: 0.535 Thread 0x000000001983b000  334       3       java.security.CodeSource::getCertificates (98 bytes)
Event: 0.536 Thread 0x000000001983b000 nmethod 334 0x0000000002ad1d50 code [0x0000000002ad1f80, 0x0000000002ad2b58]
Event: 0.539 Thread 0x00000000197d6000 nmethod 326 0x0000000002ad6090 code [0x0000000002ad61e0, 0x0000000002ad6698]
Event: 0.547 Thread 0x000000001983b000  335       1       java.io.File::getPrefixLength (5 bytes)
Event: 0.547 Thread 0x000000001983b000 nmethod 335 0x0000000002abd190 code [0x0000000002abd2e0, 0x0000000002abd3f0]
Event: 0.549 Thread 0x000000001983b000  336       3       java.util.Properties$LineReader::readLine (468 bytes)
Event: 0.552 Thread 0x000000001983b000 nmethod 336 0x0000000002ad3950 code [0x0000000002ad3c00, 0x0000000002ad55a8]
Event: 0.557 Thread 0x00000000197d6000  337   !   4       sun.misc.URLClassPath$JarLoader::getResource (85 bytes)
Event: 0.557 Thread 0x000000001983b000  338       3       java.util.BitSet::get (69 bytes)
Event: 0.558 Thread 0x000000001983b000 nmethod 338 0x0000000002ad6850 code [0x0000000002ad6a40, 0x0000000002ad73e8]

GC Heap History (0 events):
No events

Deoptimization events (1 events):
Event: 0.411 Thread 0x0000000002812800 Uncommon trap: reason=unstable_if action=reinterpret pc=0x0000000002a8fab8 method=java.lang.String.startsWith(Ljava/lang/String;I)Z @ 25

Classes redefined (0 events):
No events

Internal exceptions (9 events):
Event: 0.044 Thread 0x0000000002812800 Exception <a 'java/lang/NoSuchMethodError': Method sun.misc.Unsafe.defineClass(Ljava/lang/String;[BII)Ljava/lang/Class; name or signature does not match> (0x00000000d5f87cb0) thrown at [C:\re\workspace\8-2-build-windows-amd64-cygwin\jdk8u171\10807\hotspot
Event: 0.044 Thread 0x0000000002812800 Exception <a 'java/lang/NoSuchMethodError': Method sun.misc.Unsafe.prefetchRead(Ljava/lang/Object;J)V name or signature does not match> (0x00000000d5f87f98) thrown at [C:\re\workspace\8-2-build-windows-amd64-cygwin\jdk8u171\10807\hotspot\src\share\vm\prim
Event: 0.189 Thread 0x0000000002812800 Exception <a 'java/security/PrivilegedActionException'> (0x00000000d61add20) thrown at [C:\re\workspace\8-2-build-windows-amd64-cygwin\jdk8u171\10807\hotspot\src\share\vm\prims\jvm.cpp, line 1435]
Event: 0.189 Thread 0x0000000002812800 Exception <a 'java/security/PrivilegedActionException'> (0x00000000d61adf30) thrown at [C:\re\workspace\8-2-build-windows-amd64-cygwin\jdk8u171\10807\hotspot\src\share\vm\prims\jvm.cpp, line 1435]
Event: 0.190 Thread 0x0000000002812800 Exception <a 'java/security/PrivilegedActionException'> (0x00000000d61b1e40) thrown at [C:\re\workspace\8-2-build-windows-amd64-cygwin\jdk8u171\10807\hotspot\src\share\vm\prims\jvm.cpp, line 1435]
Event: 0.190 Thread 0x0000000002812800 Exception <a 'java/security/PrivilegedActionException'> (0x00000000d61b2050) thrown at [C:\re\workspace\8-2-build-windows-amd64-cygwin\jdk8u171\10807\hotspot\src\share\vm\prims\jvm.cpp, line 1435]
Event: 0.492 Thread 0x0000000002812800 Exception <a 'java/lang/ArrayIndexOutOfBoundsException': 100> (0x00000000d6730340) thrown at [C:\re\workspace\8-2-build-windows-amd64-cygwin\jdk8u171\10807\hotspot\src\share\vm\interpreter\interpreterRuntime.cpp, line 366]
Event: 0.494 Thread 0x0000000002812800 Exception <a 'java/lang/ArrayIndexOutOfBoundsException': 18> (0x00000000d6731278) thrown at [C:\re\workspace\8-2-build-windows-amd64-cygwin\jdk8u171\10807\hotspot\src\share\vm\interpreter\interpreterRuntime.cpp, line 366]
Event: 0.494 Thread 0x0000000002812800 Exception <a 'java/lang/ArrayIndexOutOfBoundsException': 40> (0x00000000d6731ea8) thrown at [C:\re\workspace\8-2-build-windows-amd64-cygwin\jdk8u171\10807\hotspot\src\share\vm\interpreter\interpreterRuntime.cpp, line 366]

Events (10 events):
Event: 0.568 loading class org/gradle/cli/ParsedCommandLine
Event: 0.568 loading class org/gradle/cli/ParsedCommandLine done
Event: 0.569 loading class org/gradle/launcher/cli/ExceptionReportingAction
Event: 0.569 loading class org/gradle/launcher/cli/ExceptionReportingAction done
Event: 0.569 loading class org/gradle/initialization/ReportedException
Event: 0.569 loading class org/gradle/initialization/ReportedException done
Event: 0.570 loading class org/gradle/launcher/cli/JavaRuntimeValidationAction
Event: 0.570 loading class org/gradle/launcher/cli/JavaRuntimeValidationAction done
Event: 0.570 loading class org/gradle/launcher/cli/CommandLineActionFactory$ParseAndBuildAction
Event: 0.570 loading class org/gradle/launcher/cli/CommandLineActionFactory$ParseAndBuildAction done


Dynamic libraries:
0x00007ff6f5470000 - 0x00007ff6f54a7000 	D:\Program Files\Java\jdk1.8.0_171\bin\java.exe
0x00007ffb245d0000 - 0x00007ffb247a1000 	C:\Windows\SYSTEM32\ntdll.dll
0x00007ffb23fd0000 - 0x00007ffb2407b000 	C:\Windows\System32\KERNEL32.DLL
0x00007ffb20890000 - 0x00007ffb20aad000 	C:\Windows\System32\KERNELBASE.dll
0x00007ffb219a0000 - 0x00007ffb21a42000 	C:\Windows\System32\ADVAPI32.dll
0x00007ffb21b50000 - 0x00007ffb21bee000 	C:\Windows\System32\msvcrt.dll
0x00007ffb23820000 - 0x00007ffb23879000 	C:\Windows\System32\sechost.dll
0x00007ffb23c00000 - 0x00007ffb23d21000 	C:\Windows\System32\RPCRT4.dll
0x00007ffb23a10000 - 0x00007ffb23b75000 	C:\Windows\System32\USER32.dll
0x00007ffb20870000 - 0x00007ffb2088e000 	C:\Windows\System32\win32u.dll
0x00007ffb23960000 - 0x00007ffb23994000 	C:\Windows\System32\GDI32.dll
0x00007ffb21500000 - 0x00007ffb21682000 	C:\Windows\System32\gdi32full.dll
0x00007ffb14c00000 - 0x00007ffb14e79000 	C:\Windows\WinSxS\amd64_microsoft.windows.common-controls_6595b64144ccf1df_6.0.14393.447_none_42191651c6827bb3\COMCTL32.dll
0x00007ffb21bf0000 - 0x00007ffb21eb8000 	C:\Windows\System32\combase.dll
0x00007ffb218a0000 - 0x00007ffb21995000 	C:\Windows\System32\ucrtbase.dll
0x00007ffb217e0000 - 0x00007ffb2184a000 	C:\Windows\System32\bcryptPrimitives.dll
0x00007ffb23930000 - 0x00007ffb2395e000 	C:\Windows\System32\IMM32.DLL
0x000000006e610000 - 0x000000006e6e2000 	D:\Program Files\Java\jdk1.8.0_171\jre\bin\msvcr100.dll
0x000000006dd70000 - 0x000000006e610000 	D:\Program Files\Java\jdk1.8.0_171\jre\bin\server\jvm.dll
0x00007ffb21190000 - 0x00007ffb211b3000 	C:\Windows\System32\WINMM.dll
0x00007ffb20840000 - 0x00007ffb2086b000 	C:\Windows\System32\WINMMBASE.dll
0x00007ffb21850000 - 0x00007ffb21892000 	C:\Windows\System32\cfgmgr32.dll
0x00007ffb23880000 - 0x00007ffb23888000 	C:\Windows\System32\PSAPI.DLL
0x00007ffb1ced0000 - 0x00007ffb1ced9000 	C:\Windows\SYSTEM32\WSOCK32.dll
0x00007ffb23f60000 - 0x00007ffb23fca000 	C:\Windows\System32\WS2_32.dll
0x00007ffb1ae40000 - 0x00007ffb1ae4a000 	C:\Windows\SYSTEM32\VERSION.dll
0x000000006efa0000 - 0x000000006efaf000 	D:\Program Files\Java\jdk1.8.0_171\jre\bin\verify.dll
0x000000006ef70000 - 0x000000006ef99000 	D:\Program Files\Java\jdk1.8.0_171\jre\bin\java.dll
0x000000006ef50000 - 0x000000006ef66000 	D:\Program Files\Java\jdk1.8.0_171\jre\bin\zip.dll
0x00007ffb222f0000 - 0x00007ffb237f9000 	C:\Windows\System32\SHELL32.dll
0x00007ffb20ab0000 - 0x00007ffb2118a000 	C:\Windows\System32\windows.storage.dll
0x00007ffb216f0000 - 0x00007ffb2173c000 	C:\Windows\System32\powrprof.dll
0x00007ffb239a0000 - 0x00007ffb239f2000 	C:\Windows\System32\shlwapi.dll
0x00007ffb20810000 - 0x00007ffb2081f000 	C:\Windows\System32\kernel.appcore.dll
0x00007ffb21440000 - 0x00007ffb214e9000 	C:\Windows\System32\shcore.dll
0x00007ffb20820000 - 0x00007ffb20834000 	C:\Windows\System32\profapi.dll
0x000000006dd50000 - 0x000000006dd6a000 	D:\Program Files\Java\jdk1.8.0_171\jre\bin\net.dll
0x00007ffb20010000 - 0x00007ffb2006c000 	C:\Windows\system32\mswsock.dll
0x000000006dd30000 - 0x000000006dd41000 	D:\Program Files\Java\jdk1.8.0_171\jre\bin\nio.dll

VM Arguments:
jvm_args: -Dorg.gradle.appname=gradlew 
java_command: org.gradle.wrapper.GradleWrapperMain installDebug
java_class_path (initial): C:\Users\mazic\webapps-android\android\\gradle\wrapper\gradle-wrapper.jar
Launcher Type: SUN_STANDARD

Environment Variables:
JAVA_HOME=D:\Program Files\Java\jdk1.8.0_171
CLASSPATH=C:\Users\mazic\webapps-android\android\\gradle\wrapper\gradle-wrapper.jar
PATH=C:\Program Files (x86)\Common Files\Oracle\Java\javapath;C:\Program Files (x86)\Razer Chroma SDK\bin;D:\Program Files\Razer Chroma SDK\bin;C:\Program Files (x86)\Intel\iCLS Client\;C:\Program Files\Intel\iCLS Client\;C:\Windows\system32;C:\Windows;C:\Windows\System32\Wbem;C:\Windows\System32\WindowsPowerShell\v1.0\;C:\Program Files (x86)\NVIDIA Corporation\PhysX\Common;C:\Program Files (x86)\Intel\Intel(R) Management Engine Components\DAL;C:\Program Files\Intel\Intel(R) Management Engine Components\DAL;C:\Program Files (x86)\Intel\Intel(R) Management Engine Components\IPT;C:\Program Files\Intel\Intel(R) Management Engine Components\IPT;C:\Python27;C:\Program Files\Intel\WiFi\bin\;C:\Program Files\Common Files\Intel\WirelessCommon\;C:\geckodriver;C:\phantomjs-2.1.1-windows\bin;C:\Program Files (x86)\Skype\Phone\;C:\Python27\Scripts;C:\Users\mazic\AppData\Local\Microsoft\WindowsApps;D:\Program Files\nodejs\;D:\Program Files\Git\cmd;D:\Program Files\Java\jdk1.8.0_171\bin;D:\Python27;D:\Program Files\Sublime Text 3;C:\Users\mazic\AppData\Local\Microsoft\WindowsApps;C:\Users\mazic\AppData\Roaming\npm;C:\Users\mazic\AppData\Local\Android\Sdk\platform-tools
USERNAME=mazic
OS=Windows_NT
PROCESSOR_IDENTIFIER=Intel64 Family 6 Model 94 Stepping 3, GenuineIntel



---------------  S Y S T E M  ---------------

OS: Windows 10.0 , 64 bit Build 14393 (10.0.14393.0)

CPU:total 8 (initial active 8) (4 cores per cpu, 2 threads per core) family 6 model 94 stepping 3, cmov, cx8, fxsr, mmx, sse, sse2, sse3, ssse3, sse4.1, sse4.2, popcnt, avx, avx2, aes, clmul, erms, rtm, 3dnowpref, lzcnt, ht, tsc, tscinvbit, bmi1, bmi2, adx

Memory: 4k page, physical 8258516k(1115644k free), swap 17430560k(2904k free)

vm_info: Java HotSpot(TM) 64-Bit Server VM (25.171-b11) for windows-amd64 JRE (1.8.0_171-b11), built on Mar 28 2018 16:06:12 by "java_re" with MS VC++ 10.0 (VS2010)

time: Tue Jun 05 16:02:20 2018
elapsed time: 0 seconds (0d 0h 0m 0s)

